# JRE version: Java(TM) SE Runtime Environment (8.0_91-b15) (build 1.8.0_91-b15)
# Java VM: Java HotSpot(TM) 64-Bit Server VM (25.91-b15 mixed mode windows-amd64 compressed oops)
Heap:
 PSYoungGen      total 192512K, used 128625K [0x000000076b200000, 0x0000000778d80000, 0x00000007c0000000)
  eden space 188416K, 66% used [0x000000076b200000,0x0000000772b9cd50,0x0000000776a00000)
  from space 4096K, 99% used [0x0000000777700000,0x0000000777aff980,0x0000000777b00000)
  to   space 13312K, 0% used [0x0000000776a00000,0x0000000776a00000,0x0000000777700000)
 ParOldGen       total 1016320K, used 928047K [0x00000006c1600000, 0x00000006ff680000, 0x000000076b200000)
  object space 1016320K, 91% used [0x00000006c1600000,0x00000006fa04bd18,0x00000006ff680000)
 Metaspace       used 82863K, capacity 83526K, committed 84132K, reserved 1122304K
  class space    used 11474K, capacity 11655K, committed 11724K, reserved 1048576K
GC Heap History (10 events):
Event: 58103.697 GC heap before
{Heap before GC invocations=30159 (full 217):
 PSYoungGen      total 197120K, used 195965K [0x000000076b200000, 0x0000000778500000, 0x00000007c0000000)
  eden space 183808K, 100% used [0x000000076b200000,0x0000000776580000,0x0000000776580000)
  from space 13312K, 91% used [0x0000000776b00000,0x00000007776df6f0,0x0000000777800000)
  to   space 10752K, 0% used [0x0000000777a80000,0x0000000777a80000,0x0000000778500000)
 ParOldGen       total 1016320K, used 909459K [0x00000006c1600000, 0x00000006ff680000, 0x000000076b200000)
  object space 1016320K, 89% used [0x00000006c1600000,0x00000006f8e24ce8,0x00000006ff680000)
 Metaspace       used 82853K, capacity 83526K, committed 84132K, reserved 1122304K
  class space    used 11474K, capacity 11655K, committed 11724K, reserved 1048576K
Event: 58103.709 GC heap after
Heap after GC invocations=30159 (full 217):
 PSYoungGen      total 189952K, used 10749K [0x000000076b200000, 0x0000000778500000, 0x00000007c0000000)
  eden space 179200K, 0% used [0x000000076b200000,0x000000076b200000,0x0000000776100000)
  from space 10752K, 99% used [0x0000000777a80000,0x00000007784ff730,0x0000000778500000)
  to   space 13312K, 0% used [0x0000000776b00000,0x0000000776b00000,0x0000000777800000)
 ParOldGen       total 1016320K, used 910879K [0x00000006c1600000, 0x00000006ff680000, 0x000000076b200000)
  object space 1016320K, 89% used [0x00000006c1600000,0x00000006f8f87cf8,0x00000006ff680000)
 Metaspace       used 82853K, capacity 83526K, committed 84132K, reserved 1122304K
  class space    used 11474K, capacity 11655K, committed 11724K, reserved 1048576K
}
Event: 58105.859 GC heap before
{Heap before GC invocations=30160 (full 217):
 PSYoungGen      total 189952K, used 189949K [0x000000076b200000, 0x0000000778500000, 0x00000007c0000000)
  eden space 179200K, 100% used [0x000000076b200000,0x0000000776100000,0x0000000776100000)
  from space 10752K, 99% used [0x0000000777a80000,0x00000007784ff730,0x0000000778500000)
  to   space 13312K, 0% used [0x0000000776b00000,0x0000000776b00000,0x0000000777800000)
 ParOldGen       total 1016320K, used 910879K [0x00000006c1600000, 0x00000006ff680000, 0x000000076b200000)
  object space 1016320K, 89% used [0x00000006c1600000,0x00000006f8f87cf8,0x00000006ff680000)
 Metaspace       used 82853K, capacity 83526K, committed 84132K, reserved 1122304K
  class space    used 11474K, capacity 11655K, committed 11724K, reserved 1048576K
Event: 58105.871 GC heap after
Heap after GC invocations=30160 (full 217):
 PSYoungGen      total 187392K, used 12253K [0x000000076b200000, 0x0000000777b00000, 0x00000007c0000000)
  eden space 175104K, 0% used [0x000000076b200000,0x000000076b200000,0x0000000775d00000)
  from space 12288K, 99% used [0x0000000776b00000,0x00000007776f77a0,0x0000000777700000)
  to   space 4096K, 0% used [0x0000000777700000,0x0000000777700000,0x0000000777b00000)
 ParOldGen       total 1016320K, used 910975K [0x00000006c1600000, 0x00000006ff680000, 0x000000076b200000)
  object space 1016320K, 89% used [0x00000006c1600000,0x00000006f8f9fcf8,0x00000006ff680000)
 Metaspace       used 82853K, capacity 83526K, committed 84132K, reserved 1122304K
  class space    used 11474K, capacity 11655K, committed 11724K, reserved 1048576K
}
Event: 58107.145 GC heap before
{Heap before GC invocations=30161 (full 217):
 PSYoungGen      total 187392K, used 187357K [0x000000076b200000, 0x0000000777b00000, 0x00000007c0000000)
  eden space 175104K, 100% used [0x000000076b200000,0x0000000775d00000,0x0000000775d00000)
  from space 12288K, 99% used [0x0000000776b00000,0x00000007776f77a0,0x0000000777700000)
  to   space 4096K, 0% used [0x0000000777700000,0x0000000777700000,0x0000000777b00000)
 ParOldGen       total 1016320K, used 910975K [0x00000006c1600000, 0x00000006ff680000, 0x000000076b200000)
  object space 1016320K, 89% used [0x00000006c1600000,0x00000006f8f9fcf8,0x00000006ff680000)
 Metaspace       used 82853K, capacity 83526K, committed 84132K, reserved 1122304K
  class space    used 11474K, capacity 11655K, committed 11724K, reserved 1048576K
Event: 58107.158 GC heap after
Heap after GC invocations=30161 (full 217):
 PSYoungGen      total 192512K, used 4093K [0x000000076b200000, 0x0000000778d80000, 0x00000007c0000000)
  eden space 188416K, 0% used [0x000000076b200000,0x000000076b200000,0x0000000776a00000)
  from space 4096K, 99% used [0x0000000777700000,0x0000000777aff7e8,0x0000000777b00000)
  to   space 13312K, 0% used [0x0000000776a00000,0x0000000776a00000,0x0000000777700000)
 ParOldGen       total 1016320K, used 919119K [0x00000006c1600000, 0x00000006ff680000, 0x000000076b200000)
  object space 1016320K, 90% used [0x00000006c1600000,0x00000006f9793cf8,0x00000006ff680000)
 Metaspace       used 82853K, capacity 83526K, committed 84132K, reserved 1122304K
  class space    used 11474K, capacity 11655K, committed 11724K, reserved 1048576K
}
Event: 58109.513 GC heap before
{Heap before GC invocations=30162 (full 217):
 PSYoungGen      total 192512K, used 192509K [0x000000076b200000, 0x0000000778d80000, 0x00000007c0000000)
  eden space 188416K, 100% used [0x000000076b200000,0x0000000776a00000,0x0000000776a00000)
  from space 4096K, 99% used [0x0000000777700000,0x0000000777aff7e8,0x0000000777b00000)
  to   space 13312K, 0% used [0x0000000776a00000,0x0000000776a00000,0x0000000777700000)
 ParOldGen       total 1016320K, used 919119K [0x00000006c1600000, 0x00000006ff680000, 0x000000076b200000)
  object space 1016320K, 90% used [0x00000006c1600000,0x00000006f9793cf8,0x00000006ff680000)
 Metaspace       used 82853K, capacity 83526K, committed 84132K, reserved 1122304K
  class space    used 11474K, capacity 11655K, committed 11724K, reserved 1048576K
Event: 58109.530 GC heap after
Heap after GC invocations=30162 (full 217):
 PSYoungGen      total 201728K, used 12254K [0x000000076b200000, 0x0000000778d80000, 0x00000007c0000000)
  eden space 188416K, 0% used [0x000000076b200000,0x000000076b200000,0x0000000776a00000)
  from space 13312K, 92% used [0x0000000776a00000,0x00000007775f7850,0x0000000777700000)
  to   space 4096K, 0% used [0x0000000777700000,0x0000000777700000,0x0000000777b00000)
 ParOldGen       total 1016320K, used 919203K [0x00000006c1600000, 0x00000006ff680000, 0x000000076b200000)
  object space 1016320K, 90% used [0x00000006c1600000,0x00000006f97a8d08,0x00000006ff680000)
 Metaspace       used 82853K, capacity 83526K, committed 84132K, reserved 1122304K
  class space    used 11474K, capacity 11655K, committed 11724K, reserved 1048576K
}
Event: 58112.529 GC heap before
{Heap before GC invocations=30163 (full 217):
 PSYoungGen      total 201728K, used 200670K [0x000000076b200000, 0x0000000778d80000, 0x00000007c0000000)
  eden space 188416K, 100% used [0x000000076b200000,0x0000000776a00000,0x0000000776a00000)
  from space 13312K, 92% used [0x0000000776a00000,0x00000007775f7850,0x0000000777700000)
  to   space 4096K, 0% used [0x0000000777700000,0x0000000777700000,0x0000000777b00000)
 ParOldGen       total 1016320K, used 919203K [0x00000006c1600000, 0x00000006ff680000, 0x000000076b200000)
  object space 1016320K, 90% used [0x00000006c1600000,0x00000006f97a8d08,0x00000006ff680000)
 Metaspace       used 82853K, capacity 83526K, committed 84132K, reserved 1122304K
  class space    used 11474K, capacity 11655K, committed 11724K, reserved 1048576K
Event: 58112.544 GC heap after
Heap after GC invocations=30163 (full 217):
 PSYoungGen      total 192512K, used 4094K [0x000000076b200000, 0x0000000778d80000, 0x00000007c0000000)
  eden space 188416K, 0% used [0x000000076b200000,0x000000076b200000,0x0000000776a00000)
  from space 4096K, 99% used [0x0000000777700000,0x0000000777aff980,0x0000000777b00000)
  to   space 13312K, 0% used [0x0000000776a00000,0x0000000776a00000,0x0000000777700000)
 ParOldGen       total 1016320K, used 928047K [0x00000006c1600000, 0x00000006ff680000, 0x000000076b200000)
  object space 1016320K, 91% used [0x00000006c1600000,0x00000006fa04bd18,0x00000006ff680000)
 Metaspace       used 82853K, capacity 83526K, committed 84132K, reserved 1122304K
  class space    used 11474K, capacity 11655K, committed 11724K, reserved 1048576K
}

